---------------------------------------------------------------
[ 2018-10-12T17:12:08+08:00 ] 127.0.0.1 GET /practice/
[ error ] [1]Call to undefined method app\index\controller\Index::fetch()
---------------------------------------------------------------
[ 2018-10-12T17:13:01+08:00 ] 127.0.0.1 GET /practice/
[ error ] [1]Class 'app\index\controller\Controller' not found
---------------------------------------------------------------
[ 2018-10-12T17:13:04+08:00 ] 127.0.0.1 GET /practice/
[ error ] [1]Class 'app\index\controller\Controller' not found
---------------------------------------------------------------
[ 2018-10-12T17:13:05+08:00 ] 127.0.0.1 GET /practice/
[ error ] [1]Class 'app\index\controller\Controller' not found
---------------------------------------------------------------
[ 2018-10-12T17:13:30+08:00 ] 127.0.0.1 GET /practice/
[ error ] [1]Class 'app\index\controller\Controller' not found
---------------------------------------------------------------
[ 2018-10-12T17:14:09+08:00 ] 127.0.0.1 GET /practice/
[ error ] [1]Class 'app\index\controller\Controller' not found
---------------------------------------------------------------
[ 2018-10-12T17:14:12+08:00 ] 127.0.0.1 GET /practice/
[ error ] [1]Class 'app\index\controller\Controller' not found
---------------------------------------------------------------
[ 2018-10-12T17:14:18+08:00 ] 127.0.0.1 GET /practice/index.php
[ error ] [1]Class 'app\index\controller\Controller' not found
---------------------------------------------------------------
[ 2018-10-12T17:14:24+08:00 ] 127.0.0.1 GET /practice/index.php/index/index
[ error ] [1]Class 'app\index\controller\Controller' not found
---------------------------------------------------------------
[ 2018-10-12T17:14:43+08:00 ] 127.0.0.1 GET /practice/index.php/index/index
[ error ] [1]Class 'app\index\controller\Controller' not found
---------------------------------------------------------------
[ 2018-10-12T17:15:06+08:00 ] 127.0.0.1 GET /practice/index.php/index/index
[ info ] 127.0.0.1:9096/practice/index.php/index/index [运行时间：0.079547s][吞吐率：12.57req/s] [内存消耗：1,083.01kb] [文件加载：37]
[ info ] [ LANG ] E:\phpStudy\WWW\practice\thinkphp\lang\zh-cn.php
[ info ] [ ROUTE ] array (
  'type' => 'module',
  'module' => 
  array (
    0 => 'index',
    1 => 'index',
    2 => NULL,
  ),
)
[ info ] [ HEADER ] array (
  'cookie' => 'Hm_lvt_af21cb9d34bc5b1835d91489e3954763=1539135502',
  'accept-language' => 'zh-CN,zh;q=0.9',
  'accept-encoding' => 'gzip, deflate, br',
  'accept' => 'text/html,application/xhtml+xml,application/xml;q=0.9,image/webp,image/apng,*/*;q=0.8',
  'user-agent' => 'Mozilla/5.0 (Windows NT 10.0; Win64; x64) AppleWebKit/537.36 (KHTML, like Gecko) Chrome/69.0.3497.100 Safari/537.36',
  'upgrade-insecure-requests' => '1',
  'cache-control' => 'max-age=0',
  'connection' => 'close',
  'host' => '127.0.0.1:9096',
)
[ info ] [ PARAM ] array (
)
[ info ] [ LOG ] INIT File
[ error ] [1]Class 'app\index\controller\Controller' not found[E:\phpStudy\WWW\practice\app\index\controller\Index.php:5]
---------------------------------------------------------------
[ 2018-10-12T17:16:07+08:00 ] 127.0.0.1 GET /practice/index.php/index/index
[ info ] 127.0.0.1:9096/practice/index.php/index/index [运行时间：0.066792s][吞吐率：14.97req/s] [内存消耗：1,383.43kb] [文件加载：42]
[ info ] [ LANG ] E:\phpStudy\WWW\practice\thinkphp\lang\zh-cn.php
[ info ] [ ROUTE ] array (
  'type' => 'module',
  'module' => 
  array (
    0 => 'index',
    1 => 'index',
    2 => NULL,
  ),
)
[ info ] [ HEADER ] array (
  'cookie' => 'Hm_lvt_af21cb9d34bc5b1835d91489e3954763=1539135502',
  'accept-language' => 'zh-CN,zh;q=0.9',
  'accept-encoding' => 'gzip, deflate, br',
  'accept' => 'text/html,application/xhtml+xml,application/xml;q=0.9,image/webp,image/apng,*/*;q=0.8',
  'user-agent' => 'Mozilla/5.0 (Windows NT 10.0; Win64; x64) AppleWebKit/537.36 (KHTML, like Gecko) Chrome/69.0.3497.100 Safari/537.36',
  'upgrade-insecure-requests' => '1',
  'cache-control' => 'max-age=0',
  'connection' => 'close',
  'host' => '127.0.0.1:9096',
)
[ info ] [ PARAM ] array (
)
[ info ] [ RUN ] app\index\controller\Index->index[ E:\phpStudy\WWW\practice\app\index\controller\Index.php ]
[ info ] [ VIEW ] E:\phpStudy\WWW\practice/app/index\view\index\index.html [ array (
) ]
[ info ] [ LOG ] INIT File
