---------------------------------------------------------------
[ 2018-10-16T03:40:28+08:00 ] 52.53.201.78 GET /
[ info ] www.xiaoxuannhs.xyz/ [运行时间：0.028151s][吞吐率：35.52req/s] [内存消耗：3,580.52kb] [文件加载：52]
[ info ] [ LANG ] /var/www/html/www.xiaoxuannhs.xyz/thinkphp/lang/zh-cn.php
[ info ] [ ROUTE ] array (
  'type' => 'module',
  'module' => 
  array (
    0 => '',
    1 => NULL,
    2 => NULL,
  ),
)
[ info ] [ HEADER ] array (
  'host' => 'www.xiaoxuannhs.xyz',
  'user-agent' => 'Mozilla/5.0 (Macintosh; Intel Mac OS X 10_12_6) AppleWebKit/537.36 (KHTML, like Gecko) Chrome/61.0.3163.100 Safari/537.36',
  'accept' => '*/*',
  'accept-encoding' => 'gzip',
)
[ info ] [ PARAM ] array (
)
[ info ] [ DB ] INIT mysql
[ info ] [ RUN ] app\index\controller\Index->index[ /var/www/html/www.xiaoxuannhs.xyz/app/index/controller/Index.php ]
[ info ] [ VIEW ] /var/www/html/www.xiaoxuannhs.xyz/app/index/view/index/index.html [ array (
) ]
[ info ] [ SESSION ] INIT array (
  'id' => '',
  'var_session_id' => '',
  'prefix' => 'think',
  'type' => '',
  'auto_start' => true,
)
[ info ] [ LOG ] INIT File
---------------------------------------------------------------
[ 2018-10-16T09:05:46+08:00 ] 121.34.49.179 GET /
[ info ] www.xiaoxuannhs.xyz/ [运行时间：0.028477s][吞吐率：35.12req/s] [内存消耗：3,581.69kb] [文件加载：52]
[ info ] [ LANG ] /var/www/html/www.xiaoxuannhs.xyz/thinkphp/lang/zh-cn.php
[ info ] [ ROUTE ] array (
  'type' => 'module',
  'module' => 
  array (
    0 => '',
    1 => NULL,
    2 => NULL,
  ),
)
[ info ] [ HEADER ] array (
  'host' => 'www.xiaoxuannhs.xyz',
  'connection' => 'keep-alive',
  'upgrade-insecure-requests' => '1',
  'user-agent' => 'Mozilla/5.0 (Windows NT 10.0; Win64; x64) AppleWebKit/537.36 (KHTML, like Gecko) Chrome/69.0.3497.100 Safari/537.36',
  'accept' => 'text/html,application/xhtml+xml,application/xml;q=0.9,image/webp,image/apng,*/*;q=0.8',
  'accept-encoding' => 'gzip, deflate',
  'accept-language' => 'zh-CN,zh;q=0.9',
)
[ info ] [ PARAM ] array (
)
[ info ] [ DB ] INIT mysql
[ info ] [ RUN ] app\index\controller\Index->index[ /var/www/html/www.xiaoxuannhs.xyz/app/index/controller/Index.php ]
[ info ] [ VIEW ] /var/www/html/www.xiaoxuannhs.xyz/app/index/view/index/index.html [ array (
) ]
[ info ] [ SESSION ] INIT array (
  'id' => '',
  'var_session_id' => '',
  'prefix' => 'think',
  'type' => '',
  'auto_start' => true,
)
[ info ] [ LOG ] INIT File
---------------------------------------------------------------
[ 2018-10-16T09:05:56+08:00 ] 121.34.49.179 GET /index.php/index/index/landing.html
[ info ] www.xiaoxuannhs.xyz/index.php/index/index/landing.html [运行时间：0.027481s][吞吐率：36.39req/s] [内存消耗：3,579.84kb] [文件加载：52]
[ info ] [ LANG ] /var/www/html/www.xiaoxuannhs.xyz/thinkphp/lang/zh-cn.php
[ info ] [ ROUTE ] array (
  'type' => 'module',
  'module' => 
  array (
    0 => 'index',
    1 => 'index',
    2 => 'landing',
  ),
)
[ info ] [ HEADER ] array (
  'host' => 'www.xiaoxuannhs.xyz',
  'connection' => 'keep-alive',
  'upgrade-insecure-requests' => '1',
  'user-agent' => 'Mozilla/5.0 (Windows NT 10.0; Win64; x64) AppleWebKit/537.36 (KHTML, like Gecko) Chrome/69.0.3497.100 Safari/537.36',
  'accept' => 'text/html,application/xhtml+xml,application/xml;q=0.9,image/webp,image/apng,*/*;q=0.8',
  'accept-encoding' => 'gzip, deflate',
  'accept-language' => 'zh-CN,zh;q=0.9',
  'cookie' => 'PHPSESSID=k6hrqhg2fr0l33qrgpmf3rcdr0',
)
[ info ] [ PARAM ] array (
)
[ info ] [ DB ] INIT mysql
[ info ] [ RUN ] app\index\controller\Index->landing[ /var/www/html/www.xiaoxuannhs.xyz/app/index/controller/Index.php ]
[ info ] [ VIEW ] /var/www/html/www.xiaoxuannhs.xyz/app/index/view/index/landing.html [ array (
) ]
[ info ] [ LOG ] INIT File
---------------------------------------------------------------
[ 2018-10-16T09:06:07+08:00 ] 121.34.49.179 POST /index.php/index/index/landing.html
[ info ] www.xiaoxuannhs.xyz/index.php/index/index/landing.html [运行时间：0.029639s][吞吐率：33.74req/s] [内存消耗：3,547.68kb] [文件加载：52]
[ info ] [ LANG ] /var/www/html/www.xiaoxuannhs.xyz/thinkphp/lang/zh-cn.php
[ info ] [ ROUTE ] array (
  'type' => 'module',
  'module' => 
  array (
    0 => 'index',
    1 => 'index',
    2 => 'landing',
  ),
)
[ info ] [ HEADER ] array (
  'host' => 'www.xiaoxuannhs.xyz',
  'connection' => 'keep-alive',
  'content-length' => '40',
  'cache-control' => 'max-age=0',
  'origin' => 'http://www.xiaoxuannhs.xyz',
  'upgrade-insecure-requests' => '1',
  'content-type' => 'application/x-www-form-urlencoded',
  'user-agent' => 'Mozilla/5.0 (Windows NT 10.0; Win64; x64) AppleWebKit/537.36 (KHTML, like Gecko) Chrome/69.0.3497.100 Safari/537.36',
  'accept' => 'text/html,application/xhtml+xml,application/xml;q=0.9,image/webp,image/apng,*/*;q=0.8',
  'referer' => 'http://www.xiaoxuannhs.xyz/index.php/index/index/landing.html',
  'accept-encoding' => 'gzip, deflate',
  'accept-language' => 'zh-CN,zh;q=0.9',
  'cookie' => 'PHPSESSID=k6hrqhg2fr0l33qrgpmf3rcdr0',
)
[ info ] [ PARAM ] array (
  'pr_name' => '肖轩',
  'pr_pwd' => '123456',
)
[ info ] [ DB ] INIT mysql
[ info ] [ RUN ] app\index\controller\Index->landing[ /var/www/html/www.xiaoxuannhs.xyz/app/index/controller/Index.php ]
[ info ] [ LOG ] INIT File
[ error ] [1045]SQLSTATE[28000] [1045] Access denied for user 'root'@'localhost' (using password: YES)[/var/www/html/www.xiaoxuannhs.xyz/thinkphp/library/think/db/Connection.php:295]
---------------------------------------------------------------
[ 2018-10-16T09:06:47+08:00 ] 121.34.49.179 POST /index.php/index/index/landing.html
[ info ] www.xiaoxuannhs.xyz/index.php/index/index/landing.html [运行时间：0.033089s][吞吐率：30.22req/s] [内存消耗：3,838.64kb] [文件加载：56]
[ info ] [ LANG ] /var/www/html/www.xiaoxuannhs.xyz/thinkphp/lang/zh-cn.php
[ info ] [ ROUTE ] array (
  'type' => 'module',
  'module' => 
  array (
    0 => 'index',
    1 => 'index',
    2 => 'landing',
  ),
)
[ info ] [ HEADER ] array (
  'host' => 'www.xiaoxuannhs.xyz',
  'connection' => 'keep-alive',
  'content-length' => '40',
  'cache-control' => 'max-age=0',
  'upgrade-insecure-requests' => '1',
  'user-agent' => 'Mozilla/5.0 (Windows NT 10.0; Win64; x64) AppleWebKit/537.36 (KHTML, like Gecko) Chrome/69.0.3497.100 Safari/537.36',
  'origin' => 'http://www.xiaoxuannhs.xyz',
  'content-type' => 'application/x-www-form-urlencoded',
  'accept' => 'text/html,application/xhtml+xml,application/xml;q=0.9,image/webp,image/apng,*/*;q=0.8',
  'referer' => 'http://www.xiaoxuannhs.xyz/index.php/index/index/landing.html',
  'accept-encoding' => 'gzip, deflate',
  'accept-language' => 'zh-CN,zh;q=0.9',
  'cookie' => 'PHPSESSID=k6hrqhg2fr0l33qrgpmf3rcdr0',
)
[ info ] [ PARAM ] array (
  'pr_name' => '肖轩',
  'pr_pwd' => '123456',
)
[ info ] [ DB ] INIT mysql
[ info ] [ RUN ] app\index\controller\Index->landing[ /var/www/html/www.xiaoxuannhs.xyz/app/index/controller/Index.php ]
[ info ] [ VIEW ] /var/www/html/www.xiaoxuannhs.xyz/thinkphp/tpl/dispatch_jump.tpl [ array (
  0 => 'code',
  1 => 'msg',
  2 => 'data',
  3 => 'url',
  4 => 'wait',
) ]
[ info ] [ LOG ] INIT File
[ sql ] [ DB ] CONNECT:[ UseTime:0.000707s ] mysql:host=127.0.0.1;dbname=practice;charset=utf8
[ sql ] [ SQL ] SHOW COLUMNS FROM `pr_username` [ RunTime:0.001460s ]
[ sql ] [ SQL ] SELECT * FROM `pr_username` WHERE  `pr_name` = '肖轩'  AND `pr_pwd` = '123456' [ RunTime:0.000378s ]
---------------------------------------------------------------
[ 2018-10-16T09:06:50+08:00 ] 121.34.49.179 GET /index.php/index/index/index.html
[ info ] www.xiaoxuannhs.xyz/index.php/index/index/index.html [运行时间：0.027942s][吞吐率：35.79req/s] [内存消耗：3,582.31kb] [文件加载：52]
[ info ] [ LANG ] /var/www/html/www.xiaoxuannhs.xyz/thinkphp/lang/zh-cn.php
[ info ] [ ROUTE ] array (
  'type' => 'module',
  'module' => 
  array (
    0 => 'index',
    1 => 'index',
    2 => 'index',
  ),
)
[ info ] [ HEADER ] array (
  'host' => 'www.xiaoxuannhs.xyz',
  'connection' => 'keep-alive',
  'upgrade-insecure-requests' => '1',
  'user-agent' => 'Mozilla/5.0 (Windows NT 10.0; Win64; x64) AppleWebKit/537.36 (KHTML, like Gecko) Chrome/69.0.3497.100 Safari/537.36',
  'accept' => 'text/html,application/xhtml+xml,application/xml;q=0.9,image/webp,image/apng,*/*;q=0.8',
  'referer' => 'http://www.xiaoxuannhs.xyz/index.php/index/index/landing.html',
  'accept-encoding' => 'gzip, deflate',
  'accept-language' => 'zh-CN,zh;q=0.9',
  'cookie' => 'PHPSESSID=k6hrqhg2fr0l33qrgpmf3rcdr0',
)
[ info ] [ PARAM ] array (
)
[ info ] [ DB ] INIT mysql
[ info ] [ RUN ] app\index\controller\Index->index[ /var/www/html/www.xiaoxuannhs.xyz/app/index/controller/Index.php ]
[ info ] [ VIEW ] /var/www/html/www.xiaoxuannhs.xyz/app/index/view/index/index.html [ array (
) ]
[ info ] [ SESSION ] INIT array (
  'id' => '',
  'var_session_id' => '',
  'prefix' => 'think',
  'type' => '',
  'auto_start' => true,
)
[ info ] [ LOG ] INIT File
---------------------------------------------------------------
[ 2018-10-16T09:08:40+08:00 ] 121.34.49.179 GET /index.php/index/index/index.html
[ info ] www.xiaoxuannhs.xyz/index.php/index/index/index.html [运行时间：0.050504s][吞吐率：19.80req/s] [内存消耗：3,582.42kb] [文件加载：52]
[ info ] [ LANG ] /var/www/html/www.xiaoxuannhs.xyz/thinkphp/lang/zh-cn.php
[ info ] [ ROUTE ] array (
  'type' => 'module',
  'module' => 
  array (
    0 => 'index',
    1 => 'index',
    2 => 'index',
  ),
)
[ info ] [ HEADER ] array (
  'host' => 'www.xiaoxuannhs.xyz',
  'connection' => 'keep-alive',
  'cache-control' => 'max-age=0',
  'upgrade-insecure-requests' => '1',
  'user-agent' => 'Mozilla/5.0 (Windows NT 10.0; Win64; x64) AppleWebKit/537.36 (KHTML, like Gecko) Chrome/69.0.3497.100 Safari/537.36',
  'accept' => 'text/html,application/xhtml+xml,application/xml;q=0.9,image/webp,image/apng,*/*;q=0.8',
  'accept-encoding' => 'gzip, deflate',
  'accept-language' => 'zh-CN,zh;q=0.9',
  'cookie' => 'PHPSESSID=k6hrqhg2fr0l33qrgpmf3rcdr0',
)
[ info ] [ PARAM ] array (
)
[ info ] [ DB ] INIT mysql
[ info ] [ RUN ] app\index\controller\Index->index[ /var/www/html/www.xiaoxuannhs.xyz/app/index/controller/Index.php ]
[ info ] [ VIEW ] /var/www/html/www.xiaoxuannhs.xyz/app/index/view/index/index.html [ array (
) ]
[ info ] [ SESSION ] INIT array (
  'id' => '',
  'var_session_id' => '',
  'prefix' => 'think',
  'type' => '',
  'auto_start' => true,
)
[ info ] [ LOG ] INIT File
---------------------------------------------------------------
[ 2018-10-16T09:09:37+08:00 ] 121.34.49.179 GET /index.php/index/index/index.html
[ info ] www.xiaoxuannhs.xyz/index.php/index/index/index.html [运行时间：0.019475s][吞吐率：51.35req/s] [内存消耗：1,807.45kb] [文件加载：39]
[ info ] [ LANG ] /var/www/html/www.xiaoxuannhs.xyz/thinkphp/lang/zh-cn.php
[ info ] [ ROUTE ] array (
  'type' => 'module',
  'module' => 
  array (
    0 => 'index',
    1 => 'index',
    2 => 'index',
  ),
)
[ info ] [ HEADER ] array (
  'host' => 'www.xiaoxuannhs.xyz',
  'connection' => 'keep-alive',
  'cache-control' => 'max-age=0',
  'upgrade-insecure-requests' => '1',
  'user-agent' => 'Mozilla/5.0 (Windows NT 10.0; Win64; x64) AppleWebKit/537.36 (KHTML, like Gecko) Chrome/69.0.3497.100 Safari/537.36',
  'accept' => 'text/html,application/xhtml+xml,application/xml;q=0.9,image/webp,image/apng,*/*;q=0.8',
  'accept-encoding' => 'gzip, deflate',
  'accept-language' => 'zh-CN,zh;q=0.9',
  'cookie' => 'PHPSESSID=k6hrqhg2fr0l33qrgpmf3rcdr0',
)
[ info ] [ PARAM ] array (
)
[ info ] [ LOG ] INIT File
[ error ] [4]语法错误: unexpected '['[/var/www/html/www.xiaoxuannhs.xyz/app/index/controller/Index.php:36]
---------------------------------------------------------------
[ 2018-10-16T09:10:35+08:00 ] 121.34.49.179 GET /index.php/index/index/index.html
[ info ] www.xiaoxuannhs.xyz/index.php/index/index/index.html [运行时间：0.033858s][吞吐率：29.54req/s] [内存消耗：3,597.29kb] [文件加载：54]
[ info ] [ LANG ] /var/www/html/www.xiaoxuannhs.xyz/thinkphp/lang/zh-cn.php
[ info ] [ ROUTE ] array (
  'type' => 'module',
  'module' => 
  array (
    0 => 'index',
    1 => 'index',
    2 => 'index',
  ),
)
[ info ] [ HEADER ] array (
  'host' => 'www.xiaoxuannhs.xyz',
  'connection' => 'keep-alive',
  'cache-control' => 'max-age=0',
  'upgrade-insecure-requests' => '1',
  'user-agent' => 'Mozilla/5.0 (Windows NT 10.0; Win64; x64) AppleWebKit/537.36 (KHTML, like Gecko) Chrome/69.0.3497.100 Safari/537.36',
  'accept' => 'text/html,application/xhtml+xml,application/xml;q=0.9,image/webp,image/apng,*/*;q=0.8',
  'accept-encoding' => 'gzip, deflate',
  'accept-language' => 'zh-CN,zh;q=0.9',
  'cookie' => 'PHPSESSID=k6hrqhg2fr0l33qrgpmf3rcdr0',
)
[ info ] [ PARAM ] array (
)
[ info ] [ DB ] INIT mysql
[ info ] [ RUN ] app\index\controller\Index->index[ /var/www/html/www.xiaoxuannhs.xyz/app/index/controller/Index.php ]
[ info ] [ LOG ] INIT File
[ error ] [1]Call to a member function index() on a non-object[/var/www/html/www.xiaoxuannhs.xyz/app/index/controller/Index.php:23]
---------------------------------------------------------------
[ 2018-10-16T09:10:43+08:00 ] 121.34.49.179 GET /index.php/index/index/index.html
[ info ] www.xiaoxuannhs.xyz/index.php/index/index/index.html [运行时间：0.028619s][吞吐率：34.94req/s] [内存消耗：3,597.29kb] [文件加载：54]
[ info ] [ LANG ] /var/www/html/www.xiaoxuannhs.xyz/thinkphp/lang/zh-cn.php
[ info ] [ ROUTE ] array (
  'type' => 'module',
  'module' => 
  array (
    0 => 'index',
    1 => 'index',
    2 => 'index',
  ),
)
[ info ] [ HEADER ] array (
  'host' => 'www.xiaoxuannhs.xyz',
  'connection' => 'keep-alive',
  'cache-control' => 'max-age=0',
  'upgrade-insecure-requests' => '1',
  'user-agent' => 'Mozilla/5.0 (Windows NT 10.0; Win64; x64) AppleWebKit/537.36 (KHTML, like Gecko) Chrome/69.0.3497.100 Safari/537.36',
  'accept' => 'text/html,application/xhtml+xml,application/xml;q=0.9,image/webp,image/apng,*/*;q=0.8',
  'accept-encoding' => 'gzip, deflate',
  'accept-language' => 'zh-CN,zh;q=0.9',
  'cookie' => 'PHPSESSID=k6hrqhg2fr0l33qrgpmf3rcdr0',
)
[ info ] [ PARAM ] array (
)
[ info ] [ DB ] INIT mysql
[ info ] [ RUN ] app\index\controller\Index->index[ /var/www/html/www.xiaoxuannhs.xyz/app/index/controller/Index.php ]
[ info ] [ LOG ] INIT File
[ error ] [1]Call to a member function index() on a non-object[/var/www/html/www.xiaoxuannhs.xyz/app/index/controller/Index.php:23]
---------------------------------------------------------------
[ 2018-10-16T09:10:51+08:00 ] 121.34.49.179 GET /index.php/index/index/index.html
[ info ] www.xiaoxuannhs.xyz/index.php/index/index/index.html [运行时间：0.058281s][吞吐率：17.16req/s] [内存消耗：3,597.29kb] [文件加载：54]
[ info ] [ LANG ] /var/www/html/www.xiaoxuannhs.xyz/thinkphp/lang/zh-cn.php
[ info ] [ ROUTE ] array (
  'type' => 'module',
  'module' => 
  array (
    0 => 'index',
    1 => 'index',
    2 => 'index',
  ),
)
[ info ] [ HEADER ] array (
  'host' => 'www.xiaoxuannhs.xyz',
  'connection' => 'keep-alive',
  'cache-control' => 'max-age=0',
  'upgrade-insecure-requests' => '1',
  'user-agent' => 'Mozilla/5.0 (Windows NT 10.0; Win64; x64) AppleWebKit/537.36 (KHTML, like Gecko) Chrome/69.0.3497.100 Safari/537.36',
  'accept' => 'text/html,application/xhtml+xml,application/xml;q=0.9,image/webp,image/apng,*/*;q=0.8',
  'accept-encoding' => 'gzip, deflate',
  'accept-language' => 'zh-CN,zh;q=0.9',
  'cookie' => 'PHPSESSID=k6hrqhg2fr0l33qrgpmf3rcdr0',
)
[ info ] [ PARAM ] array (
)
[ info ] [ DB ] INIT mysql
[ info ] [ RUN ] app\index\controller\Index->index[ /var/www/html/www.xiaoxuannhs.xyz/app/index/controller/Index.php ]
[ info ] [ LOG ] INIT File
[ error ] [1]Call to a member function index() on a non-object[/var/www/html/www.xiaoxuannhs.xyz/app/index/controller/Index.php:23]
---------------------------------------------------------------
[ 2018-10-16T09:10:52+08:00 ] 121.34.49.179 GET /index.php/index/index/index.html
[ info ] www.xiaoxuannhs.xyz/index.php/index/index/index.html [运行时间：0.028168s][吞吐率：35.50req/s] [内存消耗：3,583.48kb] [文件加载：52]
[ info ] [ LANG ] /var/www/html/www.xiaoxuannhs.xyz/thinkphp/lang/zh-cn.php
[ info ] [ ROUTE ] array (
  'type' => 'module',
  'module' => 
  array (
    0 => 'index',
    1 => 'index',
    2 => 'index',
  ),
)
[ info ] [ HEADER ] array (
  'host' => 'www.xiaoxuannhs.xyz',
  'connection' => 'keep-alive',
  'cache-control' => 'max-age=0',
  'upgrade-insecure-requests' => '1',
  'user-agent' => 'Mozilla/5.0 (Windows NT 10.0; Win64; x64) AppleWebKit/537.36 (KHTML, like Gecko) Chrome/69.0.3497.100 Safari/537.36',
  'accept' => 'text/html,application/xhtml+xml,application/xml;q=0.9,image/webp,image/apng,*/*;q=0.8',
  'accept-encoding' => 'gzip, deflate',
  'accept-language' => 'zh-CN,zh;q=0.9',
  'cookie' => 'PHPSESSID=k6hrqhg2fr0l33qrgpmf3rcdr0',
)
[ info ] [ PARAM ] array (
)
[ info ] [ DB ] INIT mysql
[ info ] [ RUN ] app\index\controller\Index->index[ /var/www/html/www.xiaoxuannhs.xyz/app/index/controller/Index.php ]
[ info ] [ VIEW ] /var/www/html/www.xiaoxuannhs.xyz/app/index/view/index/index.html [ array (
) ]
[ info ] [ SESSION ] INIT array (
  'id' => '',
  'var_session_id' => '',
  'prefix' => 'think',
  'type' => '',
  'auto_start' => true,
)
[ info ] [ LOG ] INIT File
---------------------------------------------------------------
[ 2018-10-16T09:10:53+08:00 ] 121.34.49.179 GET /index.php/index/index/index.html
[ info ] www.xiaoxuannhs.xyz/index.php/index/index/index.html [运行时间：0.028323s][吞吐率：35.31req/s] [内存消耗：3,583.48kb] [文件加载：52]
[ info ] [ LANG ] /var/www/html/www.xiaoxuannhs.xyz/thinkphp/lang/zh-cn.php
[ info ] [ ROUTE ] array (
  'type' => 'module',
  'module' => 
  array (
    0 => 'index',
    1 => 'index',
    2 => 'index',
  ),
)
[ info ] [ HEADER ] array (
  'host' => 'www.xiaoxuannhs.xyz',
  'connection' => 'keep-alive',
  'cache-control' => 'max-age=0',
  'upgrade-insecure-requests' => '1',
  'user-agent' => 'Mozilla/5.0 (Windows NT 10.0; Win64; x64) AppleWebKit/537.36 (KHTML, like Gecko) Chrome/69.0.3497.100 Safari/537.36',
  'accept' => 'text/html,application/xhtml+xml,application/xml;q=0.9,image/webp,image/apng,*/*;q=0.8',
  'accept-encoding' => 'gzip, deflate',
  'accept-language' => 'zh-CN,zh;q=0.9',
  'cookie' => 'PHPSESSID=k6hrqhg2fr0l33qrgpmf3rcdr0',
)
[ info ] [ PARAM ] array (
)
[ info ] [ DB ] INIT mysql
[ info ] [ RUN ] app\index\controller\Index->index[ /var/www/html/www.xiaoxuannhs.xyz/app/index/controller/Index.php ]
[ info ] [ VIEW ] /var/www/html/www.xiaoxuannhs.xyz/app/index/view/index/index.html [ array (
) ]
[ info ] [ SESSION ] INIT array (
  'id' => '',
  'var_session_id' => '',
  'prefix' => 'think',
  'type' => '',
  'auto_start' => true,
)
[ info ] [ LOG ] INIT File
---------------------------------------------------------------
[ 2018-10-16T09:10:54+08:00 ] 121.34.49.179 GET /index.php/index/index/index.html
[ info ] www.xiaoxuannhs.xyz/index.php/index/index/index.html [运行时间：0.028306s][吞吐率：35.33req/s] [内存消耗：3,583.48kb] [文件加载：52]
[ info ] [ LANG ] /var/www/html/www.xiaoxuannhs.xyz/thinkphp/lang/zh-cn.php
[ info ] [ ROUTE ] array (
  'type' => 'module',
  'module' => 
  array (
    0 => 'index',
    1 => 'index',
    2 => 'index',
  ),
)
[ info ] [ HEADER ] array (
  'host' => 'www.xiaoxuannhs.xyz',
  'connection' => 'keep-alive',
  'cache-control' => 'max-age=0',
  'upgrade-insecure-requests' => '1',
  'user-agent' => 'Mozilla/5.0 (Windows NT 10.0; Win64; x64) AppleWebKit/537.36 (KHTML, like Gecko) Chrome/69.0.3497.100 Safari/537.36',
  'accept' => 'text/html,application/xhtml+xml,application/xml;q=0.9,image/webp,image/apng,*/*;q=0.8',
  'accept-encoding' => 'gzip, deflate',
  'accept-language' => 'zh-CN,zh;q=0.9',
  'cookie' => 'PHPSESSID=k6hrqhg2fr0l33qrgpmf3rcdr0',
)
[ info ] [ PARAM ] array (
)
[ info ] [ DB ] INIT mysql
[ info ] [ RUN ] app\index\controller\Index->index[ /var/www/html/www.xiaoxuannhs.xyz/app/index/controller/Index.php ]
[ info ] [ VIEW ] /var/www/html/www.xiaoxuannhs.xyz/app/index/view/index/index.html [ array (
) ]
[ info ] [ SESSION ] INIT array (
  'id' => '',
  'var_session_id' => '',
  'prefix' => 'think',
  'type' => '',
  'auto_start' => true,
)
[ info ] [ LOG ] INIT File
---------------------------------------------------------------
[ 2018-10-16T09:10:55+08:00 ] 121.34.49.179 GET /index.php/index/index/index.html
[ info ] www.xiaoxuannhs.xyz/index.php/index/index/index.html [运行时间：0.027459s][吞吐率：36.42req/s] [内存消耗：3,583.48kb] [文件加载：52]
[ info ] [ LANG ] /var/www/html/www.xiaoxuannhs.xyz/thinkphp/lang/zh-cn.php
[ info ] [ ROUTE ] array (
  'type' => 'module',
  'module' => 
  array (
    0 => 'index',
    1 => 'index',
    2 => 'index',
  ),
)
[ info ] [ HEADER ] array (
  'host' => 'www.xiaoxuannhs.xyz',
  'connection' => 'keep-alive',
  'cache-control' => 'max-age=0',
  'upgrade-insecure-requests' => '1',
  'user-agent' => 'Mozilla/5.0 (Windows NT 10.0; Win64; x64) AppleWebKit/537.36 (KHTML, like Gecko) Chrome/69.0.3497.100 Safari/537.36',
  'accept' => 'text/html,application/xhtml+xml,application/xml;q=0.9,image/webp,image/apng,*/*;q=0.8',
  'accept-encoding' => 'gzip, deflate',
  'accept-language' => 'zh-CN,zh;q=0.9',
  'cookie' => 'PHPSESSID=k6hrqhg2fr0l33qrgpmf3rcdr0',
)
[ info ] [ PARAM ] array (
)
[ info ] [ DB ] INIT mysql
[ info ] [ RUN ] app\index\controller\Index->index[ /var/www/html/www.xiaoxuannhs.xyz/app/index/controller/Index.php ]
[ info ] [ VIEW ] /var/www/html/www.xiaoxuannhs.xyz/app/index/view/index/index.html [ array (
) ]
[ info ] [ SESSION ] INIT array (
  'id' => '',
  'var_session_id' => '',
  'prefix' => 'think',
  'type' => '',
  'auto_start' => true,
)
[ info ] [ LOG ] INIT File
---------------------------------------------------------------
[ 2018-10-16T09:10:55+08:00 ] 121.34.49.179 GET /index.php/index/index/index.html
[ info ] www.xiaoxuannhs.xyz/index.php/index/index/index.html [运行时间：0.027701s][吞吐率：36.10req/s] [内存消耗：3,583.48kb] [文件加载：52]
[ info ] [ LANG ] /var/www/html/www.xiaoxuannhs.xyz/thinkphp/lang/zh-cn.php
[ info ] [ ROUTE ] array (
  'type' => 'module',
  'module' => 
  array (
    0 => 'index',
    1 => 'index',
    2 => 'index',
  ),
)
[ info ] [ HEADER ] array (
  'host' => 'www.xiaoxuannhs.xyz',
  'connection' => 'keep-alive',
  'cache-control' => 'max-age=0',
  'upgrade-insecure-requests' => '1',
  'user-agent' => 'Mozilla/5.0 (Windows NT 10.0; Win64; x64) AppleWebKit/537.36 (KHTML, like Gecko) Chrome/69.0.3497.100 Safari/537.36',
  'accept' => 'text/html,application/xhtml+xml,application/xml;q=0.9,image/webp,image/apng,*/*;q=0.8',
  'accept-encoding' => 'gzip, deflate',
  'accept-language' => 'zh-CN,zh;q=0.9',
  'cookie' => 'PHPSESSID=k6hrqhg2fr0l33qrgpmf3rcdr0',
)
[ info ] [ PARAM ] array (
)
[ info ] [ DB ] INIT mysql
[ info ] [ RUN ] app\index\controller\Index->index[ /var/www/html/www.xiaoxuannhs.xyz/app/index/controller/Index.php ]
[ info ] [ VIEW ] /var/www/html/www.xiaoxuannhs.xyz/app/index/view/index/index.html [ array (
) ]
[ info ] [ SESSION ] INIT array (
  'id' => '',
  'var_session_id' => '',
  'prefix' => 'think',
  'type' => '',
  'auto_start' => true,
)
[ info ] [ LOG ] INIT File
---------------------------------------------------------------
[ 2018-10-16T09:10:55+08:00 ] 121.34.49.179 GET /index.php/index/index/index.html
[ info ] www.xiaoxuannhs.xyz/index.php/index/index/index.html [运行时间：0.028712s][吞吐率：34.83req/s] [内存消耗：3,583.48kb] [文件加载：52]
[ info ] [ LANG ] /var/www/html/www.xiaoxuannhs.xyz/thinkphp/lang/zh-cn.php
[ info ] [ ROUTE ] array (
  'type' => 'module',
  'module' => 
  array (
    0 => 'index',
    1 => 'index',
    2 => 'index',
  ),
)
[ info ] [ HEADER ] array (
  'host' => 'www.xiaoxuannhs.xyz',
  'connection' => 'keep-alive',
  'cache-control' => 'max-age=0',
  'upgrade-insecure-requests' => '1',
  'user-agent' => 'Mozilla/5.0 (Windows NT 10.0; Win64; x64) AppleWebKit/537.36 (KHTML, like Gecko) Chrome/69.0.3497.100 Safari/537.36',
  'accept' => 'text/html,application/xhtml+xml,application/xml;q=0.9,image/webp,image/apng,*/*;q=0.8',
  'accept-encoding' => 'gzip, deflate',
  'accept-language' => 'zh-CN,zh;q=0.9',
  'cookie' => 'PHPSESSID=k6hrqhg2fr0l33qrgpmf3rcdr0',
)
[ info ] [ PARAM ] array (
)
[ info ] [ DB ] INIT mysql
[ info ] [ RUN ] app\index\controller\Index->index[ /var/www/html/www.xiaoxuannhs.xyz/app/index/controller/Index.php ]
[ info ] [ VIEW ] /var/www/html/www.xiaoxuannhs.xyz/app/index/view/index/index.html [ array (
) ]
[ info ] [ SESSION ] INIT array (
  'id' => '',
  'var_session_id' => '',
  'prefix' => 'think',
  'type' => '',
  'auto_start' => true,
)
[ info ] [ LOG ] INIT File
---------------------------------------------------------------
[ 2018-10-16T09:10:56+08:00 ] 121.34.49.179 GET /index.php/index/index/index.html
[ info ] www.xiaoxuannhs.xyz/index.php/index/index/index.html [运行时间：0.028067s][吞吐率：35.63req/s] [内存消耗：3,583.48kb] [文件加载：52]
[ info ] [ LANG ] /var/www/html/www.xiaoxuannhs.xyz/thinkphp/lang/zh-cn.php
[ info ] [ ROUTE ] array (
  'type' => 'module',
  'module' => 
  array (
    0 => 'index',
    1 => 'index',
    2 => 'index',
  ),
)
[ info ] [ HEADER ] array (
  'host' => 'www.xiaoxuannhs.xyz',
  'connection' => 'keep-alive',
  'cache-control' => 'max-age=0',
  'upgrade-insecure-requests' => '1',
  'user-agent' => 'Mozilla/5.0 (Windows NT 10.0; Win64; x64) AppleWebKit/537.36 (KHTML, like Gecko) Chrome/69.0.3497.100 Safari/537.36',
  'accept' => 'text/html,application/xhtml+xml,application/xml;q=0.9,image/webp,image/apng,*/*;q=0.8',
  'accept-encoding' => 'gzip, deflate',
  'accept-language' => 'zh-CN,zh;q=0.9',
  'cookie' => 'PHPSESSID=k6hrqhg2fr0l33qrgpmf3rcdr0',
)
[ info ] [ PARAM ] array (
)
[ info ] [ DB ] INIT mysql
[ info ] [ RUN ] app\index\controller\Index->index[ /var/www/html/www.xiaoxuannhs.xyz/app/index/controller/Index.php ]
[ info ] [ VIEW ] /var/www/html/www.xiaoxuannhs.xyz/app/index/view/index/index.html [ array (
) ]
[ info ] [ SESSION ] INIT array (
  'id' => '',
  'var_session_id' => '',
  'prefix' => 'think',
  'type' => '',
  'auto_start' => true,
)
[ info ] [ LOG ] INIT File
---------------------------------------------------------------
[ 2018-10-16T11:55:27+08:00 ] 47.92.54.139 GET /
[ info ] www.xiaoxuannhs.xyz/ [运行时间：0.030557s][吞吐率：32.73req/s] [内存消耗：3,581.76kb] [文件加载：52]
[ info ] [ LANG ] /var/www/html/www.xiaoxuannhs.xyz/thinkphp/lang/zh-cn.php
[ info ] [ ROUTE ] array (
  'type' => 'module',
  'module' => 
  array (
    0 => '',
    1 => NULL,
    2 => NULL,
  ),
)
[ info ] [ HEADER ] array (
  'user-agent' => 'Mozilla/5.0 (iPhone; CPU iPhone OS 8_0_2 like Mac OS X)',
  'host' => 'www.xiaoxuannhs.xyz',
  'accept' => 'text/html, image/gif, image/jpeg, *; q=.2, */*; q=.2',
  'connection' => 'keep-alive',
)
[ info ] [ PARAM ] array (
)
[ info ] [ DB ] INIT mysql
[ info ] [ RUN ] app\index\controller\Index->index[ /var/www/html/www.xiaoxuannhs.xyz/app/index/controller/Index.php ]
[ info ] [ VIEW ] /var/www/html/www.xiaoxuannhs.xyz/app/index/view/index/index.html [ array (
) ]
[ info ] [ SESSION ] INIT array (
  'id' => '',
  'var_session_id' => '',
  'prefix' => 'think',
  'type' => '',
  'auto_start' => true,
)
[ info ] [ LOG ] INIT File
