---------------------------------------------------------------
[ 2018-10-21T04:56:08+08:00 ] 66.70.157.189 GET /
[ info ] www.xiaoxuannhs.xyz/ [运行时间：0.033472s][吞吐率：29.88req/s] [内存消耗：5,705.33kb] [文件加载：53]
[ info ] [ LANG ] /var/www/html/www.xiaoxuannhs.xyz/thinkphp/lang/zh-cn.php
[ info ] [ ROUTE ] array (
  'type' => 'module',
  'module' => 
  array (
    0 => '',
    1 => NULL,
    2 => NULL,
  ),
)
[ info ] [ HEADER ] array (
  'accept' => 'text/html,application/xhtml+xml,application/xml;q=0.9,*/*;q=0.8',
  'user-agent' => 'Mozilla/5.0 (Windows NT 10.0; WOW64) AppleWebKit/537.36 (KHTML, like Gecko) Chrome/52.0.2743.116 Safari/537.36',
  'accept-language' => 'en-US',
  'connection' => 'Keep-Alive',
  'accept-encoding' => 'gzip, deflate',
  'host' => 'www.xiaoxuannhs.xyz',
)
[ info ] [ PARAM ] array (
)
[ info ] [ RUN ] app\index\controller\Index->index[ /var/www/html/www.xiaoxuannhs.xyz/app/index/controller/Index.php ]
[ info ] [ DB ] INIT mysql
[ info ] [ VIEW ] /var/www/html/www.xiaoxuannhs.xyz/app/index/view/index/index.html [ array (
  0 => 'res',
) ]
[ info ] [ SESSION ] INIT array (
  'id' => '',
  'var_session_id' => '',
  'prefix' => 'think',
  'expire' => '36000',
  'type' => '',
  'auto_start' => true,
)
[ info ] [ LOG ] INIT File
[ sql ] [ DB ] CONNECT:[ UseTime:0.000504s ] mysql:host=127.0.0.1;dbname=practice;charset=utf8
[ sql ] [ SQL ] SHOW COLUMNS FROM `pr_content` [ RunTime:0.001413s ]
[ sql ] [ SQL ] SELECT * FROM `pr_content` WHERE  `pr_cflag` = 0 [ RunTime:0.000416s ]
---------------------------------------------------------------
[ 2018-10-21T05:17:39+08:00 ] 106.15.202.177 GET /
[ info ] www.xiaoxuannhs.xyz/ [运行时间：0.030675s][吞吐率：32.60req/s] [内存消耗：5,704.77kb] [文件加载：53]
[ info ] [ LANG ] /var/www/html/www.xiaoxuannhs.xyz/thinkphp/lang/zh-cn.php
[ info ] [ ROUTE ] array (
  'type' => 'module',
  'module' => 
  array (
    0 => '',
    1 => NULL,
    2 => NULL,
  ),
)
[ info ] [ HEADER ] array (
  'user-agent' => 'Mozilla/5.0 (iPhone; CPU iPhone OS 8_0_2 like Mac OS X)',
  'host' => 'www.xiaoxuannhs.xyz',
  'accept' => 'text/html, image/gif, image/jpeg, *; q=.2, */*; q=.2',
  'connection' => 'keep-alive',
)
[ info ] [ PARAM ] array (
)
[ info ] [ RUN ] app\index\controller\Index->index[ /var/www/html/www.xiaoxuannhs.xyz/app/index/controller/Index.php ]
[ info ] [ DB ] INIT mysql
[ info ] [ VIEW ] /var/www/html/www.xiaoxuannhs.xyz/app/index/view/index/index.html [ array (
  0 => 'res',
) ]
[ info ] [ SESSION ] INIT array (
  'id' => '',
  'var_session_id' => '',
  'prefix' => 'think',
  'expire' => '36000',
  'type' => '',
  'auto_start' => true,
)
[ info ] [ LOG ] INIT File
[ sql ] [ DB ] CONNECT:[ UseTime:0.000419s ] mysql:host=127.0.0.1;dbname=practice;charset=utf8
[ sql ] [ SQL ] SHOW COLUMNS FROM `pr_content` [ RunTime:0.000871s ]
[ sql ] [ SQL ] SELECT * FROM `pr_content` WHERE  `pr_cflag` = 0 [ RunTime:0.000383s ]
---------------------------------------------------------------
[ 2018-10-21T08:43:00+08:00 ] 47.88.153.100 GET /
[ info ] www.xiaoxuannhs.xyz/ [运行时间：0.030507s][吞吐率：32.78req/s] [内存消耗：5,704.79kb] [文件加载：53]
[ info ] [ LANG ] /var/www/html/www.xiaoxuannhs.xyz/thinkphp/lang/zh-cn.php
[ info ] [ ROUTE ] array (
  'type' => 'module',
  'module' => 
  array (
    0 => '',
    1 => NULL,
    2 => NULL,
  ),
)
[ info ] [ HEADER ] array (
  'user-agent' => 'Mozilla/5.0 (X11; Ubuntu; Linux x86_64; rv:36.0) Gecko/20100101 Firefox/36.0',
  'host' => 'www.xiaoxuannhs.xyz',
  'accept' => 'text/html, image/gif, image/jpeg, *; q=.2, */*; q=.2',
  'connection' => 'keep-alive',
)
[ info ] [ PARAM ] array (
)
[ info ] [ RUN ] app\index\controller\Index->index[ /var/www/html/www.xiaoxuannhs.xyz/app/index/controller/Index.php ]
[ info ] [ DB ] INIT mysql
[ info ] [ VIEW ] /var/www/html/www.xiaoxuannhs.xyz/app/index/view/index/index.html [ array (
  0 => 'res',
) ]
[ info ] [ SESSION ] INIT array (
  'id' => '',
  'var_session_id' => '',
  'prefix' => 'think',
  'expire' => '36000',
  'type' => '',
  'auto_start' => true,
)
[ info ] [ LOG ] INIT File
[ sql ] [ DB ] CONNECT:[ UseTime:0.000411s ] mysql:host=127.0.0.1;dbname=practice;charset=utf8
[ sql ] [ SQL ] SHOW COLUMNS FROM `pr_content` [ RunTime:0.000825s ]
[ sql ] [ SQL ] SELECT * FROM `pr_content` WHERE  `pr_cflag` = 0 [ RunTime:0.000380s ]
